<?xml version="1.0" encoding="UTF-8"?>
<coverage generated="1684057809986" clover="3.2.0">
  <project timestamp="1684057809986" name="All files">
    <metrics statements="34" coveredstatements="25" conditionals="8" coveredconditionals="5" methods="10" coveredmethods="7" elements="52" coveredelements="37" complexity="0" loc="34" ncloc="34" packages="2" files="2" classes="2"/>
    <package name="config.firebase">
      <metrics statements="5" coveredstatements="5" conditionals="2" coveredconditionals="1" methods="0" coveredmethods="0"/>
      <file name="config.js" path="C:\Users\viliu\Desktop\recipdo-app\config\firebase\config.js">
        <metrics statements="5" coveredstatements="5" conditionals="2" coveredconditionals="1" methods="0" coveredmethods="0"/>
        <line num="8" count="1" type="stmt"/>
        <line num="18" count="1" type="cond" truecount="1" falsecount="1"/>
        <line num="19" count="1" type="stmt"/>
        <line num="21" count="1" type="stmt"/>
        <line num="22" count="1" type="stmt"/>
      </file>
    </package>
    <package name="functions">
      <metrics statements="29" coveredstatements="20" conditionals="6" coveredconditionals="4" methods="10" coveredmethods="7"/>
      <file name="StatisticsFunctions.js" path="C:\Users\viliu\Desktop\recipdo-app\functions\StatisticsFunctions.js">
        <metrics statements="29" coveredstatements="20" conditionals="6" coveredconditionals="4" methods="10" coveredmethods="7"/>
        <line num="3" count="1" type="stmt"/>
        <line num="4" count="0" type="stmt"/>
        <line num="5" count="0" type="stmt"/>
        <line num="6" count="0" type="stmt"/>
        <line num="8" count="0" type="stmt"/>
        <line num="9" count="0" type="cond" truecount="0" falsecount="2"/>
        <line num="10" count="0" type="stmt"/>
        <line num="12" count="0" type="stmt"/>
        <line num="16" count="0" type="stmt"/>
        <line num="18" count="0" type="stmt"/>
        <line num="22" count="1" type="stmt"/>
        <line num="23" count="3" type="stmt"/>
        <line num="27" count="3" type="stmt"/>
        <line num="28" count="9" type="cond" truecount="2" falsecount="0"/>
        <line num="29" count="4" type="stmt"/>
        <line num="31" count="5" type="stmt"/>
        <line num="35" count="3" type="stmt"/>
        <line num="36" count="5" type="stmt"/>
        <line num="39" count="5" type="stmt"/>
        <line num="42" count="1" type="stmt"/>
        <line num="43" count="3" type="stmt"/>
        <line num="45" count="3" type="stmt"/>
        <line num="47" count="3" type="stmt"/>
        <line num="48" count="9" type="cond" truecount="2" falsecount="0"/>
        <line num="49" count="4" type="stmt"/>
        <line num="51" count="5" type="stmt"/>
        <line num="55" count="3" type="stmt"/>
        <line num="56" count="4" type="stmt"/>
        <line num="59" count="3" type="stmt"/>
      </file>
    </package>
  </project>
</coverage>
