{"C:\\Users\\viliu\\Desktop\\recipdo-app\\config\\firebase\\config.js": {"path":"C:\\Users\\viliu\\Desktop\\recipdo-app\\config\\firebase\\config.js","statementMap":{"0":{"start":{"line":8,"column":23},"end":{"line":16,"column":1}},"1":{"start":{"line":18,"column":0},"end":{"line":20,"column":1}},"2":{"start":{"line":19,"column":1},"end":{"line":19,"column":40}},"3":{"start":{"line":21,"column":25},"end":{"line":21,"column":45}},"4":{"start":{"line":22,"column":25},"end":{"line":22,"column":45}}},"fnMap":{},"branchMap":{"0":{"loc":{"start":{"line":18,"column":0},"end":{"line":20,"column":1}},"type":"if","locations":[{"start":{"line":18,"column":0},"end":{"line":20,"column":1}},{"start":{},"end":{}}],"line":18}},"s":{"0":1,"1":1,"2":1,"3":1,"4":1},"f":{},"b":{"0":[1,0]},"_coverageSchema":"1a1c01bbd47fc00a2c39e90264f33305004495a9","hash":"fd6ece4e1632761ced23e038ad06c5f5b40f02b9"}
,"C:\\Users\\viliu\\Desktop\\recipdo-app\\functions\\StatisticsFunctions.js": {"path":"C:\\Users\\viliu\\Desktop\\recipdo-app\\functions\\StatisticsFunctions.js","statementMap":{"0":{"start":{"line":3,"column":29},"end":{"line":20,"column":1}},"1":{"start":{"line":4,"column":16},"end":{"line":4,"column":47}},"2":{"start":{"line":5,"column":1},"end":{"line":19,"column":2}},"3":{"start":{"line":6,"column":17},"end":{"line":6,"column":69}},"4":{"start":{"line":8,"column":22},"end":{"line":14,"column":4}},"5":{"start":{"line":9,"column":3},"end":{"line":13,"column":4}},"6":{"start":{"line":10,"column":4},"end":{"line":10,"column":28}},"7":{"start":{"line":12,"column":4},"end":{"line":12,"column":37}},"8":{"start":{"line":16,"column":2},"end":{"line":16,"column":29}},"9":{"start":{"line":16,"column":15},"end":{"line":16,"column":28}},"10":{"start":{"line":18,"column":2},"end":{"line":18,"column":48}},"11":{"start":{"line":22,"column":38},"end":{"line":40,"column":1}},"12":{"start":{"line":23,"column":21},"end":{"line":23,"column":23}},"13":{"start":{"line":27,"column":1},"end":{"line":33,"column":4}},"14":{"start":{"line":28,"column":2},"end":{"line":32,"column":3}},"15":{"start":{"line":29,"column":3},"end":{"line":29,"column":36}},"16":{"start":{"line":31,"column":3},"end":{"line":31,"column":35}},"17":{"start":{"line":35,"column":24},"end":{"line":37,"column":14}},"18":{"start":{"line":36,"column":18},"end":{"line":36,"column":29}},"19":{"start":{"line":39,"column":1},"end":{"line":39,"column":65}},"20":{"start":{"line":39,"column":47},"end":{"line":39,"column":62}},"21":{"start":{"line":42,"column":37},"end":{"line":60,"column":1}},"22":{"start":{"line":43,"column":20},"end":{"line":43,"column":22}},"23":{"start":{"line":45,"column":1},"end":{"line":45,"column":30}},"24":{"start":{"line":47,"column":1},"end":{"line":53,"column":4}},"25":{"start":{"line":48,"column":2},"end":{"line":52,"column":3}},"26":{"start":{"line":49,"column":3},"end":{"line":49,"column":38}},"27":{"start":{"line":51,"column":3},"end":{"line":51,"column":53}},"28":{"start":{"line":55,"column":23},"end":{"line":57,"column":14}},"29":{"start":{"line":56,"column":18},"end":{"line":56,"column":35}},"30":{"start":{"line":59,"column":1},"end":{"line":59,"column":22}}},"fnMap":{"0":{"name":"(anonymous_0)","decl":{"start":{"line":3,"column":29},"end":{"line":3,"column":30}},"loc":{"start":{"line":3,"column":52},"end":{"line":20,"column":1}},"line":3},"1":{"name":"(anonymous_1)","decl":{"start":{"line":8,"column":40},"end":{"line":8,"column":41}},"loc":{"start":{"line":8,"column":49},"end":{"line":14,"column":3}},"line":8},"2":{"name":"(anonymous_2)","decl":{"start":{"line":16,"column":9},"end":{"line":16,"column":10}},"loc":{"start":{"line":16,"column":15},"end":{"line":16,"column":28}},"line":16},"3":{"name":"(anonymous_3)","decl":{"start":{"line":22,"column":38},"end":{"line":22,"column":39}},"loc":{"start":{"line":22,"column":64},"end":{"line":40,"column":1}},"line":22},"4":{"name":"(anonymous_4)","decl":{"start":{"line":27,"column":30},"end":{"line":27,"column":31}},"loc":{"start":{"line":27,"column":43},"end":{"line":33,"column":2}},"line":27},"5":{"name":"(anonymous_5)","decl":{"start":{"line":36,"column":8},"end":{"line":36,"column":9}},"loc":{"start":{"line":36,"column":18},"end":{"line":36,"column":29}},"line":36},"6":{"name":"(anonymous_6)","decl":{"start":{"line":39,"column":27},"end":{"line":39,"column":28}},"loc":{"start":{"line":39,"column":47},"end":{"line":39,"column":62}},"line":39},"7":{"name":"(anonymous_7)","decl":{"start":{"line":42,"column":37},"end":{"line":42,"column":38}},"loc":{"start":{"line":42,"column":58},"end":{"line":60,"column":1}},"line":42},"8":{"name":"(anonymous_8)","decl":{"start":{"line":47,"column":25},"end":{"line":47,"column":26}},"loc":{"start":{"line":47,"column":37},"end":{"line":53,"column":2}},"line":47},"9":{"name":"(anonymous_9)","decl":{"start":{"line":56,"column":8},"end":{"line":56,"column":9}},"loc":{"start":{"line":56,"column":18},"end":{"line":56,"column":35}},"line":56}},"branchMap":{"0":{"loc":{"start":{"line":9,"column":3},"end":{"line":13,"column":4}},"type":"if","locations":[{"start":{"line":9,"column":3},"end":{"line":13,"column":4}},{"start":{"line":11,"column":10},"end":{"line":13,"column":4}}],"line":9},"1":{"loc":{"start":{"line":28,"column":2},"end":{"line":32,"column":3}},"type":"if","locations":[{"start":{"line":28,"column":2},"end":{"line":32,"column":3}},{"start":{"line":30,"column":9},"end":{"line":32,"column":3}}],"line":28},"2":{"loc":{"start":{"line":48,"column":2},"end":{"line":52,"column":3}},"type":"if","locations":[{"start":{"line":48,"column":2},"end":{"line":52,"column":3}},{"start":{"line":50,"column":9},"end":{"line":52,"column":3}}],"line":48}},"s":{"0":1,"1":0,"2":0,"3":0,"4":0,"5":0,"6":0,"7":0,"8":0,"9":0,"10":0,"11":1,"12":3,"13":3,"14":9,"15":4,"16":5,"17":3,"18":5,"19":3,"20":5,"21":1,"22":3,"23":3,"24":3,"25":9,"26":4,"27":5,"28":3,"29":4,"30":3},"f":{"0":0,"1":0,"2":0,"3":3,"4":9,"5":5,"6":5,"7":3,"8":9,"9":4},"b":{"0":[0,0],"1":[4,5],"2":[4,5]},"_coverageSchema":"1a1c01bbd47fc00a2c39e90264f33305004495a9","hash":"867462d43629b086d6bc9901f94aa65980d78957"}
}
