TN:
SF:config\firebase\config.js
FNF:0
FNH:0
DA:8,1
DA:18,1
DA:19,1
DA:21,1
DA:22,1
LF:5
LH:5
BRDA:18,0,0,1
BRDA:18,0,1,0
BRF:2
BRH:1
end_of_record
TN:
SF:functions\StatisticsFunctions.js
FN:3,(anonymous_0)
FN:8,(anonymous_1)
FN:16,(anonymous_2)
FN:22,(anonymous_3)
FN:27,(anonymous_4)
FN:36,(anonymous_5)
FN:39,(anonymous_6)
FN:42,(anonymous_7)
FN:47,(anonymous_8)
FN:56,(anonymous_9)
FNF:10
FNH:7
FNDA:0,(anonymous_0)
FNDA:0,(anonymous_1)
FNDA:0,(anonymous_2)
FNDA:3,(anonymous_3)
FNDA:9,(anonymous_4)
FNDA:5,(anonymous_5)
FNDA:5,(anonymous_6)
FNDA:3,(anonymous_7)
FNDA:9,(anonymous_8)
FNDA:4,(anonymous_9)
DA:3,1
DA:4,0
DA:5,0
DA:6,0
DA:8,0
DA:9,0
DA:10,0
DA:12,0
DA:16,0
DA:18,0
DA:22,1
DA:23,3
DA:27,3
DA:28,9
DA:29,4
DA:31,5
DA:35,3
DA:36,5
DA:39,5
DA:42,1
DA:43,3
DA:45,3
DA:47,3
DA:48,9
DA:49,4
DA:51,5
DA:55,3
DA:56,4
DA:59,3
LF:29
LH:20
BRDA:9,0,0,0
BRDA:9,0,1,0
BRDA:28,1,0,4
BRDA:28,1,1,5
BRDA:48,2,0,4
BRDA:48,2,1,5
BRF:6
BRH:4
end_of_record
