TN:
SF:config\firebase\config.js
FNF:0
FNH:0
DA:8,1
DA:18,1
DA:19,1
DA:21,1
DA:22,1
LF:5
LH:5
BRDA:18,0,0,1
BRDA:18,0,1,0
BRF:2
BRH:1
end_of_record
TN:
SF:functions\RecipeFunctions.js
FN:5,(anonymous_0)
FN:10,(anonymous_1)
FN:17,(anonymous_2)
FN:29,(anonymous_3)
FN:35,(anonymous_4)
FN:86,(anonymous_5)
FN:97,(anonymous_6)
FN:104,(anonymous_7)
FN:118,(anonymous_8)
FN:125,(anonymous_9)
FN:146,(anonymous_10)
FN:158,(anonymous_11)
FN:166,(anonymous_12)
FN:169,(anonymous_13)
FN:170,(anonymous_14)
FN:195,(anonymous_15)
FN:199,(anonymous_16)
FN:224,(anonymous_17)
FN:235,(anonymous_18)
FN:239,(anonymous_19)
FNF:20
FNH:5
FNDA:1,(anonymous_0)
FNDA:1,(anonymous_1)
FNDA:0,(anonymous_2)
FNDA:1,(anonymous_3)
FNDA:1,(anonymous_4)
FNDA:0,(anonymous_5)
FNDA:0,(anonymous_6)
FNDA:0,(anonymous_7)
FNDA:0,(anonymous_8)
FNDA:0,(anonymous_9)
FNDA:0,(anonymous_10)
FNDA:0,(anonymous_11)
FNDA:0,(anonymous_12)
FNDA:0,(anonymous_13)
FNDA:0,(anonymous_14)
FNDA:0,(anonymous_15)
FNDA:0,(anonymous_16)
FNDA:0,(anonymous_17)
FNDA:0,(anonymous_18)
FNDA:2,(anonymous_19)
DA:5,1
DA:6,1
DA:7,0
DA:10,1
DA:11,1
DA:12,1
DA:13,0
DA:14,0
DA:16,0
DA:17,0
DA:18,0
DA:19,0
DA:21,0
DA:22,0
DA:25,1
DA:29,1
DA:30,1
DA:31,0
DA:32,0
DA:35,1
DA:36,1
DA:37,0
DA:40,0
DA:41,0
DA:42,0
DA:44,0
DA:47,0
DA:49,0
DA:52,0
DA:54,0
DA:56,0
DA:57,0
DA:58,0
DA:59,0
DA:61,0
DA:62,0
DA:69,0
DA:71,0
DA:72,0
DA:73,0
DA:76,0
DA:77,0
DA:81,0
DA:83,0
DA:86,1
DA:87,0
DA:88,0
DA:97,0
DA:99,0
DA:100,0
DA:104,1
DA:105,0
DA:106,0
DA:118,0
DA:120,0
DA:121,0
DA:125,1
DA:126,0
DA:127,0
DA:139,0
DA:141,0
DA:142,0
DA:146,1
DA:147,0
DA:148,0
DA:149,0
DA:150,0
DA:152,0
DA:153,0
DA:154,0
DA:158,1
DA:159,0
DA:160,0
DA:161,0
DA:163,0
DA:166,1
DA:167,0
DA:169,0
DA:170,0
DA:171,0
DA:172,0
DA:174,0
DA:175,0
DA:177,0
DA:178,0
DA:180,0
DA:181,0
DA:182,0
DA:183,0
DA:185,0
DA:190,0
DA:192,0
DA:195,1
DA:196,0
DA:197,0
DA:199,0
DA:200,0
DA:212,0
DA:213,0
DA:214,0
DA:216,0
DA:217,0
DA:221,0
DA:222,0
DA:224,0
DA:226,0
DA:227,0
DA:228,0
DA:229,0
DA:232,0
DA:235,1
DA:236,0
DA:239,1
DA:240,2
DA:241,2
DA:242,0
DA:243,0
DA:244,0
DA:255,0
DA:256,0
DA:258,2
DA:260,2
LF:122
LH:23
BRDA:14,0,0,0
BRDA:14,0,1,0
BRDA:16,1,0,0
BRDA:16,1,1,0
BRDA:56,2,0,0
BRDA:56,2,1,0
BRDA:61,3,0,0
BRDA:61,3,1,0
BRDA:148,4,0,0
BRDA:148,4,1,0
BRDA:177,5,0,0
BRDA:177,5,1,0
BRDA:178,6,0,0
BRDA:178,6,1,0
BRDA:180,7,0,0
BRDA:180,7,1,0
BRDA:182,8,0,0
BRDA:182,8,1,0
BRDA:228,9,0,0
BRDA:228,9,1,0
BRF:20
BRH:0
end_of_record
TN:
SF:functions\SearchFunctions.js
FN:4,(anonymous_0)
FN:42,(anonymous_1)
FN:67,(anonymous_2)
FNF:3
FNH:3
FNDA:4,(anonymous_0)
FNDA:6,(anonymous_1)
FNDA:2,(anonymous_2)
DA:4,1
DA:5,4
DA:6,4
DA:7,4
DA:8,4
DA:9,4
DA:23,0
DA:24,0
DA:39,4
DA:40,4
DA:42,6
DA:44,2
DA:55,2
DA:57,2
DA:58,2
DA:59,2
DA:61,2
DA:62,2
DA:63,2
DA:67,1
DA:77,2
DA:78,2
DA:79,2
LF:23
LH:21
BRDA:7,0,0,4
BRDA:7,0,1,0
BRDA:42,1,0,2
BRDA:42,1,1,0
BRDA:57,2,0,2
BRDA:57,2,1,0
BRDA:79,3,0,0
BRDA:79,3,1,2
BRF:8
BRH:4
end_of_record
TN:
SF:functions\StatisticsFunctions.js
FN:3,(anonymous_0)
FN:8,(anonymous_1)
FN:16,(anonymous_2)
FN:22,(anonymous_3)
FN:27,(anonymous_4)
FN:36,(anonymous_5)
FN:39,(anonymous_6)
FN:42,(anonymous_7)
FN:47,(anonymous_8)
FN:56,(anonymous_9)
FNF:10
FNH:7
FNDA:0,(anonymous_0)
FNDA:0,(anonymous_1)
FNDA:0,(anonymous_2)
FNDA:3,(anonymous_3)
FNDA:9,(anonymous_4)
FNDA:5,(anonymous_5)
FNDA:5,(anonymous_6)
FNDA:3,(anonymous_7)
FNDA:9,(anonymous_8)
FNDA:4,(anonymous_9)
DA:3,1
DA:4,0
DA:5,0
DA:6,0
DA:8,0
DA:9,0
DA:10,0
DA:12,0
DA:16,0
DA:18,0
DA:22,1
DA:23,3
DA:27,3
DA:28,9
DA:29,4
DA:31,5
DA:35,3
DA:36,5
DA:39,5
DA:42,1
DA:43,3
DA:45,3
DA:47,3
DA:48,9
DA:49,4
DA:51,5
DA:55,3
DA:56,4
DA:59,3
LF:29
LH:20
BRDA:9,0,0,0
BRDA:9,0,1,0
BRDA:28,1,0,4
BRDA:28,1,1,5
BRDA:48,2,0,4
BRDA:48,2,1,5
BRF:6
BRH:4
end_of_record
